\BOOKMARK [1][-]{section.1}{INTRODUCTION}{}% 1
\BOOKMARK [1][-]{section.2}{LITERATURE SURVEY}{}% 2
\BOOKMARK [2][-]{subsection.2.1}{Likelihood Based Classification}{section.2}% 3
\BOOKMARK [2][-]{subsection.2.2}{Distribution Test Based Classification}{section.2}% 4
\BOOKMARK [2][-]{subsection.2.3}{Feature Based Classification}{section.2}% 5
\BOOKMARK [1][-]{section.3}{EXISTING APPLICATIONS OF AMC}{}% 6
\BOOKMARK [1][-]{section.4}{SOLUTION SELECTION}{}% 7
\BOOKMARK [1][-]{section.5}{DEVELOPMENT METHODOLOGY}{}% 8
\BOOKMARK [1][-]{section.6}{IMPLEMENTATION OVERVIEW}{}% 9
\BOOKMARK [2][-]{subsection.6.1}{Software}{section.6}% 10
\BOOKMARK [3][-]{subsubsection.6.1.1}{Basic Software Structure}{subsection.6.1}% 11
\BOOKMARK [3][-]{subsubsection.6.1.2}{Libraries and API's}{subsection.6.1}% 12
\BOOKMARK [3][-]{subsubsection.6.1.3}{Build System}{subsection.6.1}% 13
\BOOKMARK [2][-]{subsection.6.2}{Feature Extraction}{section.6}% 14
\BOOKMARK [2][-]{subsection.6.3}{Signal Filtering}{section.6}% 15
\BOOKMARK [2][-]{subsection.6.4}{Classifier}{section.6}% 16
\BOOKMARK [2][-]{subsection.6.5}{Hardware}{section.6}% 17
\BOOKMARK [1][-]{section.7}{PROPOSED TESTING PROCEDURE}{}% 18
\BOOKMARK [2][-]{subsection.7.1}{Functional Testing}{section.7}% 19
\BOOKMARK [2][-]{subsection.7.2}{Practical Testing}{section.7}% 20
\BOOKMARK [1][-]{section.8}{PRELIMINARY RESULTS}{}% 21
\BOOKMARK [1][-]{section.9}{CONCLUSION}{}% 22
\BOOKMARK [1][-]{appendix.A}{Feature Extraction Process}{}% 23
